<?xml version="1.0" encoding="UTF-8"?>
<testsuite name="com.amazon.ata.unittesting.texttruncator.TextTruncatorTest" tests="1" skipped="0" failures="0" errors="0" timestamp="2024-08-31T02:12:09" hostname="LAPTOP-EGCF1D9K" time="0.036">
  <properties/>
  <testcase name="trunctateTo_nullInput_returnsEmptyString()" classname="com.amazon.ata.unittesting.texttruncator.TextTruncatorTest" time="0.036"/>
  <system-out><![CDATA[]]></system-out>
  <system-err><![CDATA[]]></system-err>
</testsuite>
